<?xml version="1.0" encoding="UTF-8"?>
<!-- Generated by org.testng.reporters.JUnitReportReporter -->
<testsuite hostname="Tohidurs-Air" failures="0" tests="3" name="com.qa.practice.testcases.loginPageTest" time="20.430" errors="0" timestamp="2022-09-04T17:24:26 BST" skipped="0">
  <testcase classname="com.qa.practice.testcases.loginPageTest" name="paymentlogoTest" time="8.687"/>
  <system-out/>
  <testcase classname="com.qa.practice.testcases.loginPageTest" name="validLoginTest" time="7.528"/>
  <system-out/>
  <testcase classname="com.qa.practice.testcases.loginPageTest" name="phpLogoTest" time="4.215"/>
  <system-out/>
</testsuite> <!-- com.qa.practice.testcases.loginPageTest -->
