<?xml version="1.0" encoding="UTF-8"?>
<!-- Generated by org.testng.reporters.JUnitReportReporter -->
<testsuite hostname="Tohidurs-Air" failures="0" tests="5" name="com.qa.practice.testcases.loginPageTest" time="39.416" errors="0" timestamp="2022-09-11T16:46:29 BST" skipped="0">
  <testcase classname="com.qa.practice.testcases.loginPageTest" name="invalidLoginTest" time="12.825"/>
  <system-out/>
  <testcase classname="com.qa.practice.testcases.loginPageTest" name="invalidLoginTest" time="9.881"/>
  <system-out/>
  <testcase classname="com.qa.practice.testcases.loginPageTest" name="validLoginTest" time="7.534"/>
  <system-out/>
  <testcase classname="com.qa.practice.testcases.loginPageTest" name="phpLogoTest" time="4.813"/>
  <system-out/>
  <testcase classname="com.qa.practice.testcases.loginPageTest" name="paymentlogoTest" time="4.363"/>
  <system-out/>
</testsuite> <!-- com.qa.practice.testcases.loginPageTest -->
